18:53:56 INFO  : Processing command line option -hwspec /home/controls/TAIGA/Rotary-Inverted-Pendulum-Zed/Rotary-Inverted-Pendulum-Zed.sdk/TAIGA_wrapper.hdf.
18:54:01 INFO  : Launching XSDB server: xsdb -n -s /opt/Xilinx/SDK/2015.1/scripts/xsdb/xsdb/xsdb-server.tcl 2450
18:54:02 INFO  : XSDB server has started successfully.
13:28:07 INFO  : Processing command line option -hwspec /home/controls/TAIGA-Pallavi/Rotary-Inverted-Pendulum-Zed/Rotary-Inverted-Pendulum-Zed.sdk/TAIGA_wrapper.hdf.
13:28:09 INFO  : Launching XSDB server: xsdb -n -s /opt/Xilinx/SDK/2015.1/scripts/xsdb/xsdb/xsdb-server.tcl 2450
13:28:10 INFO  : XSDB server has started successfully.
13:28:55 INFO  : Processing command line option -hwspec /home/controls/TAIGA-Pallavi/Rotary-Inverted-Pendulum-Zed/Rotary-Inverted-Pendulum-Zed.sdk/TAIGA_wrapper.hdf.
13:28:55 INFO  : Launching XSDB server: xsdb -n -s /opt/Xilinx/SDK/2015.1/scripts/xsdb/xsdb/xsdb-server.tcl 2450
13:28:56 INFO  : XSDB server has started successfully.
13:29:26 INFO  : Saving repository preferences.
13:29:26 INFO  : Reading in cores from local repositories: 
		 /home/controls/TAIGA-Pallavi/repo
13:29:26 INFO  : Cleaning BSP projects in the workspace.
13:29:27 INFO  : Saving repository preferences.
13:32:53 INFO  : BSP Project P/bsp_backup_standalone has been successfully migrated.
13:33:38 INFO  : BSP Project P/bsp_ioi_standalone has been successfully migrated.
13:34:33 INFO  : BSP Project P/bsp_production_freertos has been successfully migrated.
13:35:14 ERROR :  [Hsi 55-1676] Not supported OS. It is supported only for freertos_zynq
13:35:23 ERROR :  [Hsi 55-1676] Not supported OS. It is supported only for freertos_zynq
13:35:24 ERROR :  [Hsi 55-1676] Not supported OS. It is supported only for freertos_zynq
13:36:32 ERROR :  [Hsi 55-1676] Not supported OS. It is supported only for freertos_zynq
13:37:04 ERROR :  [Hsi 55-1676] Not supported OS. It is supported only for freertos_zynq
13:37:18 ERROR :  [Hsi 55-1676] Not supported OS. It is supported only for freertos_zynq
13:37:18 ERROR :  [Hsi 55-1676] Not supported OS. It is supported only for freertos_zynq
13:52:20 INFO  : Connected to target on host '127.0.0.1' and port '3121'.
13:52:20 INFO  : 'targets -set -filter {jtag_cable_name =~ "Digilent Zed 210248446392" && level==0} -index 1' command is executed.
13:52:22 INFO  : FPGA configured successfully with bitstream "/home/controls/TAIGA-Pallavi/Rotary-Inverted-Pendulum-Zed/Rotary-Inverted-Pendulum-Zed.sdk/TAIGA_wrapper_hw_platform_0/download.bit"
13:53:08 INFO  : ps7_init is completed.
13:53:08 INFO  : ps7_post_config is completed.
13:53:09 INFO  : Processor reset is completed for IO_intermediary
13:53:25 INFO  : Processor reset is completed for ps7_cortexa9_1
13:53:50 INFO  : Processor reset is completed for backup_controller
13:54:32 INFO  : Processor reset is completed for backup_controller
13:54:59 INFO  : IO_intermediary Processor is in use. Please stop existing Run or Debug sessions before launching.
13:55:03 ERROR : Unexpected error while launching program.
java.lang.RuntimeException: Unknown Error Occured
    Target '1' Does NOT exist in the Current System


	at com.xilinx.sdk.targetmanager.internal.TM.doProcessorReset(TM.java:995)
	at com.xilinx.sdk.debug.core.XilinxAppLaunchConfigurationDelegate.runTargetSetup(XilinxAppLaunchConfigurationDelegate.java:503)
	at com.xilinx.sdk.debug.core.XilinxAppLaunchConfigurationDelegate.runApplication(XilinxAppLaunchConfigurationDelegate.java:585)
	at com.xilinx.sdk.debug.core.XilinxAppLaunchConfigurationDelegate.launch(XilinxAppLaunchConfigurationDelegate.java:294)
	at com.xilinx.sdk.debug.ui.XilinxAppLaunchDelegateWrapper.launch(XilinxAppLaunchDelegateWrapper.java:31)
	at org.eclipse.debug.internal.core.LaunchConfiguration.launch(LaunchConfiguration.java:858)
	at org.eclipse.debug.internal.core.LaunchConfiguration.launch(LaunchConfiguration.java:707)
	at org.eclipse.debug.internal.ui.DebugUIPlugin.buildAndLaunch(DebugUIPlugin.java:1018)
	at org.eclipse.debug.internal.ui.DebugUIPlugin$8.run(DebugUIPlugin.java:1222)
	at org.eclipse.core.internal.jobs.Worker.run(Worker.java:53)
13:55:03 ERROR : Disconnect target failed.No Target with ID 1 in the System


13:55:09 INFO  : FPGA Cable Disconnected. All active launches will be terminated.
15:14:38 INFO  : Connected to target on host '127.0.0.1' and port '3121'.
15:14:38 INFO  : 'targets -set -filter {jtag_cable_name =~ "Digilent Zed 210248446392" && level==0} -index 1' command is executed.
15:14:41 INFO  : FPGA configured successfully with bitstream "/home/controls/TAIGA-Pallavi/Rotary-Inverted-Pendulum-Zed/Rotary-Inverted-Pendulum-Zed.sdk/TAIGA_wrapper_hw_platform_0/download.bit"
15:14:54 INFO  : ps7_init is completed.
15:14:54 INFO  : ps7_post_config is completed.
15:14:55 INFO  : Processor reset is completed for IO_intermediary
15:14:56 ERROR : Unexpected error while launching program.
java.lang.RuntimeException: Unknown Error Occured
    Target '1' Does NOT exist in the Current System


	at com.xilinx.sdk.targetmanager.internal.TM.continueExecution(TM.java:733)
	at com.xilinx.sdk.debug.core.internal.AppRunner.run(AppRunner.java:150)
	at com.xilinx.sdk.debug.core.XilinxAppLaunchConfigurationDelegate.runApplication(XilinxAppLaunchConfigurationDelegate.java:606)
	at com.xilinx.sdk.debug.core.XilinxAppLaunchConfigurationDelegate.launch(XilinxAppLaunchConfigurationDelegate.java:294)
	at com.xilinx.sdk.debug.ui.XilinxAppLaunchDelegateWrapper.launch(XilinxAppLaunchDelegateWrapper.java:31)
	at org.eclipse.debug.internal.core.LaunchConfiguration.launch(LaunchConfiguration.java:858)
	at org.eclipse.debug.internal.core.LaunchConfiguration.launch(LaunchConfiguration.java:707)
	at org.eclipse.debug.internal.ui.DebugUIPlugin.buildAndLaunch(DebugUIPlugin.java:1018)
	at org.eclipse.debug.internal.ui.DebugUIPlugin$8.run(DebugUIPlugin.java:1222)
	at org.eclipse.core.internal.jobs.Worker.run(Worker.java:53)
15:14:56 ERROR : Disconnect target failed.No Target with ID 1 in the System


15:14:56 INFO  : Processor reset is completed for ps7_cortexa9_1
15:15:13 INFO  : FPGA Cable Disconnected. All active launches will be terminated.
15:15:17 ERROR : Unexpected error while parsing XMD response ￿: com.google.gson.JsonSyntaxException: com.google.gson.stream.MalformedJsonException: invalid number or unquoted string near 
15:15:24 INFO  : Restoring local repository preferences: 
		 /home/controls/TAIGA-Pallavi/repo
15:15:28 INFO  : Processing command line option -hwspec /home/controls/TAIGA-Pallavi/Rotary-Inverted-Pendulum-Zed/Rotary-Inverted-Pendulum-Zed.sdk/TAIGA_wrapper.hdf.
15:15:29 INFO  : Launching XSDB server: xsdb -n -s /opt/Xilinx/SDK/2015.1/scripts/xsdb/xsdb/xsdb-server.tcl 2450
15:15:29 INFO  : Checking for hwspec changes in the project TAIGA_wrapper_hw_platform_0.
15:15:30 INFO  : XSDB server has started successfully.
15:16:02 INFO  : Connected to target on host '127.0.0.1' and port '3121'.
15:16:02 INFO  : 'targets -set -filter {jtag_cable_name =~ "Digilent Zed 210248446392" && level==0} -index 1' command is executed.
15:16:04 INFO  : FPGA configured successfully with bitstream "/home/controls/TAIGA-Pallavi/Rotary-Inverted-Pendulum-Zed/Rotary-Inverted-Pendulum-Zed.sdk/TAIGA_wrapper_hw_platform_0/download.bit"
15:16:23 INFO  : ps7_init is completed.
15:16:23 INFO  : ps7_post_config is completed.
15:16:24 INFO  : Processor reset is completed for IO_intermediary
15:16:33 INFO  : Processor reset is completed for ps7_cortexa9_1
15:16:44 INFO  : Processor reset is completed for backup_controller
15:18:23 INFO  : Refreshed build settings on project app_production_controller
15:19:06 INFO  : Processor reset is completed for ps7_cortexa9_1
15:19:43 INFO  : Processor reset is completed for IO_intermediary
15:19:58 INFO  : Processor reset is completed for ps7_cortexa9_1
15:20:07 INFO  : Processor reset is completed for backup_controller
15:25:45 INFO  : Connected to target on host '127.0.0.1' and port '3121'.
15:25:45 INFO  : 'targets -set -filter {jtag_cable_name =~ "Digilent Zed 210248446392" && level==0} -index 1' command is executed.
15:25:48 INFO  : FPGA configured successfully with bitstream "/home/controls/TAIGA-Pallavi/Rotary-Inverted-Pendulum-Zed/Rotary-Inverted-Pendulum-Zed.sdk/TAIGA_wrapper_hw_platform_0/download.bit"
15:25:59 INFO  : ps7_init is completed.
15:25:59 INFO  : ps7_post_config is completed.
15:25:59 INFO  : Processor reset is completed for IO_intermediary
15:26:04 INFO  : Processor reset is completed for ps7_cortexa9_1
15:27:56 ERROR : Unexpected error while parsing XMD response ￿: com.google.gson.JsonSyntaxException: com.google.gson.stream.MalformedJsonException: invalid number or unquoted string near 
14:53:03 INFO  : Restoring local repository preferences: 
		 /home/controls/TAIGA-Pallavi/repo
14:53:08 INFO  : Processing command line option -hwspec /home/controls/TAIGA-Pallavi/Rotary-Inverted-Pendulum-Zed/Rotary-Inverted-Pendulum-Zed.sdk/TAIGA_wrapper.hdf.
14:53:09 INFO  : Launching XSDB server: xsdb -n -s /opt/Xilinx/SDK/2015.1/scripts/xsdb/xsdb/xsdb-server.tcl 2450
14:53:09 INFO  : Checking for hwspec changes in the project TAIGA_wrapper_hw_platform_0.
14:53:10 INFO  : XSDB server has started successfully.
14:53:22 ERROR :  [Hsi 55-1676] Not supported OS. It is supported only for freertos_zynq
14:53:27 ERROR :  [Hsi 55-1676] Not supported OS. It is supported only for freertos_zynq
14:53:28 ERROR :  [Hsi 55-1676] Not supported OS. It is supported only for freertos_zynq
15:28:18 INFO  : Invoking Bootgen: bootgen -image output.bif -o /home/controls/TAIGA-Pallavi/Rotary-Inverted-Pendulum-Zed/Rotary-Inverted-Pendulum-Zed.sdk/BOOT.bin
15:28:18 INFO  : Creating new bif file /home/controls/TAIGA-Pallavi/Rotary-Inverted-Pendulum-Zed/Rotary-Inverted-Pendulum-Zed.sdk/output.bif
15:28:19 INFO  : Bootgen command execution is done.
15:29:55 INFO  : Invoking Bootgen: bootgen -image output.bif -o /home/controls/TAIGA-Pallavi/Rotary-Inverted-Pendulum-Zed/Rotary-Inverted-Pendulum-Zed.sdk/BOOT.bin
15:29:55 INFO  : Overwriting existing bif file /home/controls/TAIGA-Pallavi/Rotary-Inverted-Pendulum-Zed/Rotary-Inverted-Pendulum-Zed.sdk/output.bif
15:29:56 INFO  : Bootgen command execution is done.
17:43:42 INFO  : Invoking Bootgen: bootgen -image output.bif -o /home/controls/TAIGA-Pallavi/Rotary-Inverted-Pendulum-Zed/Rotary-Inverted-Pendulum-Zed.sdk/BOOT.bin -w on
17:43:42 INFO  : Overwriting existing bif file /home/controls/TAIGA-Pallavi/Rotary-Inverted-Pendulum-Zed/Rotary-Inverted-Pendulum-Zed.sdk/output.bif
17:43:42 INFO  : Bootgen command execution is done.
15:02:06 INFO  : Restoring local repository preferences: 
		 /home/controls/TAIGA-Pallavi/repo
15:02:11 INFO  : Processing command line option -hwspec /home/controls/TAIGA-Pallavi/Rotary-Inverted-Pendulum-Zed/Rotary-Inverted-Pendulum-Zed.sdk/TAIGA_wrapper.hdf.
15:02:12 INFO  : Launching XSDB server: xsdb -n -s /opt/Xilinx/SDK/2015.1/scripts/xsdb/xsdb/xsdb-server.tcl 2450
15:02:12 INFO  : Checking for hwspec changes in the project TAIGA_wrapper_hw_platform_0.
15:02:12 INFO  : SDK has detected change in the last modified timestamps for source hardware specification file Source:1435258627000,  Project:1433803953000
15:02:12 INFO  : The hardware specification for project 'TAIGA_wrapper_hw_platform_0' is different from /home/controls/TAIGA-Pallavi/Rotary-Inverted-Pendulum-Zed/Rotary-Inverted-Pendulum-Zed.sdk/TAIGA_wrapper.hdf.
15:02:12 INFO  : Copied contents of /home/controls/TAIGA-Pallavi/Rotary-Inverted-Pendulum-Zed/Rotary-Inverted-Pendulum-Zed.sdk/TAIGA_wrapper.hdf into /TAIGA_wrapper_hw_platform_0/system.hdf.
15:02:13 INFO  : XSDB server has started successfully.
15:02:19 INFO  : Synchronizing projects in the workspace with the hardware platform specification changes.
15:02:23 INFO  : 
15:02:27 INFO  : 
15:02:31 INFO  : 
15:02:35 INFO  : 
15:02:36 INFO  : Updating hardware inferred compiler options for app_backup_controller.
15:02:36 INFO  : Updating hardware inferred compiler options for app_ioi.
15:02:37 INFO  : Updating hardware inferred compiler options for app_production_controller.
15:02:38 INFO  : Updating hardware inferred compiler options for fsbl.
15:02:38 INFO  : Clearing existing target manager status.
15:02:38 WARN  : Unable to obtain port 2350 for use by XMD, java.net.BindException: Address already in use
15:04:27 ERROR : Unexpected error while parsing XMD response ￿: com.google.gson.JsonSyntaxException: com.google.gson.stream.MalformedJsonException: invalid number or unquoted string near 
16:32:37 INFO  : Restoring local repository preferences: 
		 /home/controls/TAIGA-Pallavi/repo
16:32:43 INFO  : Processing command line option -hwspec /home/controls/TAIGA-Pallavi/Rotary-Inverted-Pendulum-Zed/Rotary-Inverted-Pendulum-Zed.sdk/TAIGA_wrapper.hdf.
16:32:44 INFO  : Launching XSDB server: xsdb -n -s /opt/Xilinx/SDK/2015.1/scripts/xsdb/xsdb/xsdb-server.tcl 2457
16:32:45 INFO  : Checking for hwspec changes in the project TAIGA_wrapper_hw_platform_0.
16:32:52 INFO  : XSDB server has started successfully.
16:34:56 INFO  : Connected to target on host '127.0.0.1' and port '3121'.
16:34:57 INFO  : 'targets -set -filter {jtag_cable_name =~ "Digilent Zed 210248446392" && level==0} -index 1' command is executed.
16:34:59 INFO  : FPGA configured successfully with bitstream "/home/controls/TAIGA-Pallavi/Rotary-Inverted-Pendulum-Zed/Rotary-Inverted-Pendulum-Zed.sdk/TAIGA_wrapper_hw_platform_0/download.bit"
16:35:09 WARN  : Unable to obtain port 2350 for use by XMD, java.net.BindException: Address already in use
16:35:16 INFO  : ps7_init is completed.
16:35:16 INFO  : ps7_post_config is completed.
16:35:16 INFO  : Processor reset is completed for ps7_cortexa9_1
22:12:59 INFO  : Refreshed build settings on project fsbl
22:35:50 ERROR : Unexpected error while parsing XMD response ￿: com.google.gson.JsonSyntaxException: com.google.gson.stream.MalformedJsonException: invalid number or unquoted string near 
22:58:01 INFO  : Restoring local repository preferences: 
		 /home/controls/TAIGA-Pallavi/repo
22:58:08 INFO  : Processing command line option -hwspec /home/controls/TAIGA-Pallavi/Rotary-Inverted-Pendulum-Zed/Rotary-Inverted-Pendulum-Zed.sdk/TAIGA_wrapper.hdf.
22:58:10 INFO  : Launching XSDB server: xsdb -n -s /opt/Xilinx/SDK/2015.1/scripts/xsdb/xsdb/xsdb-server.tcl 2457
22:58:12 INFO  : Checking for hwspec changes in the project TAIGA_wrapper_hw_platform_0.
22:58:12 INFO  : SDK has detected change in the last modified timestamps for source hardware specification file Source:1435287295000,  Project:1435258627000
22:58:12 INFO  : The hardware specification for project 'TAIGA_wrapper_hw_platform_0' is different from /home/controls/TAIGA-Pallavi/Rotary-Inverted-Pendulum-Zed/Rotary-Inverted-Pendulum-Zed.sdk/TAIGA_wrapper.hdf.
22:58:12 INFO  : Copied contents of /home/controls/TAIGA-Pallavi/Rotary-Inverted-Pendulum-Zed/Rotary-Inverted-Pendulum-Zed.sdk/TAIGA_wrapper.hdf into /TAIGA_wrapper_hw_platform_0/system.hdf.
22:58:16 INFO  : XSDB server has started successfully.
22:58:20 INFO  : Synchronizing projects in the workspace with the hardware platform specification changes.
22:58:25 INFO  : 
22:58:29 INFO  : 
22:58:33 INFO  : 
22:58:37 INFO  : 
22:58:38 INFO  : Updating hardware inferred compiler options for app_backup_controller.
22:58:39 INFO  : Updating hardware inferred compiler options for app_ioi.
22:58:40 INFO  : Updating hardware inferred compiler options for app_production_controller.
22:58:41 INFO  : Updating hardware inferred compiler options for fsbl.
22:58:41 INFO  : Clearing existing target manager status.
22:58:41 WARN  : Unable to obtain port 2350 for use by XMD, java.net.BindException: Address already in use
23:02:28 ERROR : Unexpected error while parsing XMD response ￿: com.google.gson.JsonSyntaxException: com.google.gson.stream.MalformedJsonException: invalid number or unquoted string near 
23:04:26 INFO  : Restoring local repository preferences: 
		 /home/controls/TAIGA-Pallavi/repo
23:04:32 INFO  : Processing command line option -hwspec /home/controls/TAIGA-Pallavi/Rotary-Inverted-Pendulum-Zed/Rotary-Inverted-Pendulum-Zed.sdk/TAIGA_wrapper.hdf.
23:04:34 INFO  : Launching XSDB server: xsdb -n -s /opt/Xilinx/SDK/2015.1/scripts/xsdb/xsdb/xsdb-server.tcl 2450
23:04:34 INFO  : Checking for hwspec changes in the project TAIGA_wrapper_hw_platform_0.
23:04:36 INFO  : XSDB server has started successfully.
23:05:55 INFO  : No changes in MSS file content so not generating sources.
14:09:09 INFO  : Restoring local repository preferences: 
		 /home/controls/TAIGA-Pallavi/repo
14:09:14 INFO  : Processing command line option -hwspec /home/controls/TAIGA-Pallavi/Rotary-Inverted-Pendulum-Zed/Rotary-Inverted-Pendulum-Zed.sdk/TAIGA_wrapper.hdf.
14:09:15 INFO  : Launching XSDB server: xsdb -n -s /opt/Xilinx/SDK/2015.1/scripts/xsdb/xsdb/xsdb-server.tcl 2471
14:09:15 INFO  : Checking for hwspec changes in the project TAIGA_wrapper_hw_platform_0.
14:09:16 INFO  : XSDB server has started successfully.
14:09:57 WARN  : Unable to obtain port 2350 for use by XMD, java.net.BindException: Address already in use
14:10:02 ERROR : Checking FPGA configuration failed..Connection to Board Failed


    Failed to open Cable Node jsn-Zybo-210279539496A on TCP:127.0.0.1:3121


14:10:02 ERROR : Unexpected error while launching program.
com.xilinx.sdk.targetmanager.TMException: Connection to Board Failed


    Failed to open Cable Node jsn-Zybo-210279539496A on TCP:127.0.0.1:3121


	at com.xilinx.sdk.targetmanager.internal.TM.isFPGAConfigured(TM.java:372)
	at com.xilinx.sdk.debug.core.XilinxAppLaunchConfigurationDelegate.isFpgaConfigured(XilinxAppLaunchConfigurationDelegate.java:379)
	at com.xilinx.sdk.debug.core.XilinxAppLaunchConfigurationDelegate.launch(XilinxAppLaunchConfigurationDelegate.java:288)
	at com.xilinx.sdk.debug.ui.XilinxAppLaunchDelegateWrapper.launch(XilinxAppLaunchDelegateWrapper.java:31)
	at org.eclipse.debug.internal.core.LaunchConfiguration.launch(LaunchConfiguration.java:858)
	at org.eclipse.debug.internal.core.LaunchConfiguration.launch(LaunchConfiguration.java:707)
	at org.eclipse.debug.internal.ui.DebugUIPlugin.buildAndLaunch(DebugUIPlugin.java:1018)
	at org.eclipse.debug.internal.ui.DebugUIPlugin$8.run(DebugUIPlugin.java:1222)
	at org.eclipse.core.internal.jobs.Worker.run(Worker.java:53)
14:13:14 ERROR : Checking FPGA configuration failed..Connection to Board Failed


    Failed to open Cable Node jsn-Zybo-210279539496A on TCP:127.0.0.1:3121


14:13:14 ERROR : Unexpected error while launching program.
com.xilinx.sdk.targetmanager.TMException: Connection to Board Failed


    Failed to open Cable Node jsn-Zybo-210279539496A on TCP:127.0.0.1:3121


	at com.xilinx.sdk.targetmanager.internal.TM.isFPGAConfigured(TM.java:372)
	at com.xilinx.sdk.debug.core.XilinxAppLaunchConfigurationDelegate.isFpgaConfigured(XilinxAppLaunchConfigurationDelegate.java:379)
	at com.xilinx.sdk.debug.core.XilinxAppLaunchConfigurationDelegate.launch(XilinxAppLaunchConfigurationDelegate.java:288)
	at com.xilinx.sdk.debug.ui.XilinxAppLaunchDelegateWrapper.launch(XilinxAppLaunchDelegateWrapper.java:31)
	at org.eclipse.debug.internal.core.LaunchConfiguration.launch(LaunchConfiguration.java:858)
	at org.eclipse.debug.internal.core.LaunchConfiguration.launch(LaunchConfiguration.java:707)
	at org.eclipse.debug.internal.ui.DebugUIPlugin.buildAndLaunch(DebugUIPlugin.java:1018)
	at org.eclipse.debug.internal.ui.DebugUIPlugin$8.run(DebugUIPlugin.java:1222)
	at org.eclipse.core.internal.jobs.Worker.run(Worker.java:53)
14:13:26 INFO  : Restoring local repository preferences: 
		 /home/controls/TAIGA-Pallavi/repo
14:13:32 INFO  : Processing command line option -hwspec /home/controls/TAIGA-Pallavi/Rotary-Inverted-Pendulum-Zed/Rotary-Inverted-Pendulum-Zed.sdk/TAIGA_wrapper.hdf.
14:13:33 INFO  : Launching XSDB server: xsdb -n -s /opt/Xilinx/SDK/2015.1/scripts/xsdb/xsdb/xsdb-server.tcl 2457
14:13:33 INFO  : Checking for hwspec changes in the project TAIGA_wrapper_hw_platform_0.
14:13:34 INFO  : XSDB server has started successfully.
14:17:13 INFO  : Connected to target on host '127.0.0.1' and port '3121'.
14:17:13 INFO  : 'targets -set -filter {jtag_cable_name =~ "Digilent Zed 210248446392" && level==0} -index 1' command is executed.
14:17:15 INFO  : FPGA configured successfully with bitstream "/home/controls/TAIGA-Pallavi/Rotary-Inverted-Pendulum-Zed/Rotary-Inverted-Pendulum-Zed.sdk/TAIGA_wrapper_hw_platform_0/download.bit"
14:17:41 INFO  : ps7_init is completed.
14:17:42 INFO  : ps7_post_config is completed.
14:17:42 INFO  : Processor reset is completed for IO_intermediary
14:17:58 INFO  : Processor reset is completed for ps7_cortexa9_1
14:18:01 INFO  : Processor reset is completed for backup_controller
14:20:03 INFO  : Processor reset is completed for ps7_cortexa9_1
14:20:11 INFO  : Processor reset is completed for IO_intermediary
14:21:30 INFO  : Processor reset is completed for ps7_cortexa9_1
14:21:36 INFO  : Processor reset is completed for backup_controller
14:23:15 INFO  : Processor reset is completed for IO_intermediary
14:23:18 INFO  : Processor reset is completed for ps7_cortexa9_1
14:23:25 INFO  : Processor reset is completed for backup_controller
14:24:11 INFO  : Processor reset is completed for IO_intermediary
14:24:12 INFO  : Processor reset is completed for ps7_cortexa9_1
14:26:11 INFO  : Processor reset is completed for backup_controller
14:27:47 INFO  : Processor reset is completed for IO_intermediary
14:27:59 INFO  : Processor reset is completed for ps7_cortexa9_1
14:28:05 INFO  : Processor reset is completed for backup_controller
14:29:00 INFO  : Processor reset is completed for IO_intermediary
14:29:04 INFO  : Processor reset is completed for ps7_cortexa9_1
14:29:09 INFO  : Processor reset is completed for backup_controller
15:14:37 ERROR : Unexpected error while parsing XMD response ￿: com.google.gson.JsonSyntaxException: com.google.gson.stream.MalformedJsonException: invalid number or unquoted string near 
15:15:09 INFO  : Restoring local repository preferences: 
		 /home/controls/TAIGA-Pallavi/repo
15:15:15 INFO  : Launching XSDB server: xsdb -n -s /opt/Xilinx/SDK/2015.1/scripts/xsdb/xsdb/xsdb-server.tcl 2457
15:15:16 INFO  : XSDB server has started successfully.
15:16:06 INFO  : Connected to target on host '127.0.0.1' and port '3121'.
15:16:06 INFO  : 'targets -set -filter {jtag_cable_name =~ "Digilent Zed 210248446392" && level==0} -index 1' command is executed.
15:16:08 INFO  : FPGA configured successfully with bitstream "/home/controls/TAIGA-Pallavi/Rotary-Inverted-Pendulum-Zed/Rotary-Inverted-Pendulum-Zed.sdk/TAIGA_wrapper_hw_platform_0/download.bit"
15:16:27 INFO  : ps7_init is completed.
15:16:27 INFO  : ps7_post_config is completed.
15:16:28 INFO  : Processor reset is completed for IO_intermediary
15:18:25 INFO  : Processor reset is completed for ps7_cortexa9_1
15:18:31 INFO  : Processor reset is completed for backup_controller
15:19:21 INFO  : Processor reset is completed for IO_intermediary
15:19:25 INFO  : Processor reset is completed for ps7_cortexa9_1
15:19:29 INFO  : Processor reset is completed for backup_controller
16:41:32 ERROR : Unexpected error while parsing XMD response ￿: com.google.gson.JsonSyntaxException: com.google.gson.stream.MalformedJsonException: invalid number or unquoted string near 
12:19:58 INFO  : Restoring local repository preferences: 
		 /home/controls/TAIGA-Pallavi/repo
12:20:03 INFO  : Processing command line option -hwspec /home/controls/TAIGA-Pallavi/Rotary-Inverted-Pendulum-Zed/Rotary-Inverted-Pendulum-Zed.sdk/TAIGA_wrapper.hdf.
12:20:04 INFO  : Launching XSDB server: xsdb -n -s /opt/Xilinx/SDK/2015.1/scripts/xsdb/xsdb/xsdb-server.tcl 2464
12:20:04 INFO  : Checking for hwspec changes in the project TAIGA_wrapper_hw_platform_0.
12:20:04 INFO  : SDK has detected change in the last modified timestamps for source hardware specification file Source:1437063396000,  Project:1435287295000
12:20:04 INFO  : The hardware specification for project 'TAIGA_wrapper_hw_platform_0' is different from /home/controls/TAIGA-Pallavi/Rotary-Inverted-Pendulum-Zed/Rotary-Inverted-Pendulum-Zed.sdk/TAIGA_wrapper.hdf.
12:20:04 INFO  : Copied contents of /home/controls/TAIGA-Pallavi/Rotary-Inverted-Pendulum-Zed/Rotary-Inverted-Pendulum-Zed.sdk/TAIGA_wrapper.hdf into /TAIGA_wrapper_hw_platform_0/system.hdf.
12:20:05 INFO  : XSDB server has started successfully.
12:20:11 INFO  : Synchronizing projects in the workspace with the hardware platform specification changes.
12:20:15 INFO  : 
12:20:19 INFO  : 
12:20:23 INFO  : 
12:20:26 INFO  : 
12:20:27 INFO  : Updating hardware inferred compiler options for app_backup_controller.
12:20:27 INFO  : Updating hardware inferred compiler options for app_ioi.
12:20:28 INFO  : Updating hardware inferred compiler options for app_production_controller.
12:20:29 INFO  : Updating hardware inferred compiler options for fsbl.
12:20:29 INFO  : Clearing existing target manager status.
12:20:31 INFO  : Closing and re-opening the MSS file of ther project fsbl_bsp
12:20:32 INFO  : Workspace synchronized with the new hardware specification file. Cleaning dependent projects...
17:43:13 ERROR : Unexpected error while parsing XMD response ￿: com.google.gson.JsonSyntaxException: com.google.gson.stream.MalformedJsonException: invalid number or unquoted string near 
14:09:00 INFO  : Restoring local repository preferences: 
		 /home/controls/TAIGA-Pallavi/repo
14:09:05 INFO  : Launching XSDB server: xsdb -n -s /opt/Xilinx/SDK/2015.1/scripts/xsdb/xsdb/xsdb-server.tcl 2457
14:09:06 INFO  : XSDB server has started successfully.
14:25:55 INFO  : Restoring local repository preferences: 
		 /home/controls/TAIGA-Pallavi/repo
14:26:02 INFO  : Launching XSDB server: xsdb -n -s /opt/Xilinx/SDK/2015.1/scripts/xsdb/xsdb/xsdb-server.tcl 2450
14:26:06 INFO  : XSDB server has started successfully.
14:27:33 INFO  : Connected to target on host '127.0.0.1' and port '3121'.
14:27:33 INFO  : 'targets -set -filter {jtag_cable_name =~ "Digilent Zed 210248446392" && level==0} -index 1' command is executed.
14:27:35 INFO  : FPGA configured successfully with bitstream "/home/controls/TAIGA-Pallavi/Rotary-Inverted-Pendulum-Zed/Rotary-Inverted-Pendulum-Zed.sdk/TAIGA_wrapper_hw_platform_0/download.bit"
14:27:54 INFO  : ps7_init is completed.
14:27:54 INFO  : ps7_post_config is completed.
14:27:55 INFO  : Processor reset is completed for IO_intermediary
14:28:18 INFO  : Processor reset is completed for ps7_cortexa9_1
14:41:52 ERROR : Disconnect target failed.No Target with ID 1 in the System


    Failed to lock the JTAG Cable for exclusive access


17:15:37 ERROR :  [Hsi 55-1676] Not supported OS. It is supported only for freertos_zynq
17:31:19 ERROR :  [Hsi 55-1676] Not supported OS. It is supported only for freertos_zynq
17:31:21 ERROR :  [Hsi 55-1676] Not supported OS. It is supported only for freertos_zynq
17:31:22 ERROR :  [Hsi 55-1676] Not supported OS. It is supported only for freertos_zynq
19:25:56 INFO  : SDK has detected change in the last modified timestamps for source hardware specification file Source:1437677383000,  Project:1437063396000
19:25:56 INFO  : Project TAIGA_wrapper_hw_platform_0's source hardware specification located at /home/controls/TAIGA-Pallavi/Rotary-Inverted-Pendulum-Zed/Rotary-Inverted-Pendulum-Zed.sdk/TAIGA_wrapper.hdf is now different from the local copy.
		 The local copy will be replaced with the source specification and your workspace will be updated.
19:25:59 INFO  : Copied contents of /home/controls/TAIGA-Pallavi/Rotary-Inverted-Pendulum-Zed/Rotary-Inverted-Pendulum-Zed.sdk/TAIGA_wrapper.hdf into /TAIGA_wrapper_hw_platform_0/system.hdf.
19:26:04 INFO  : Synchronizing projects in the workspace with the hardware platform specification changes.
19:26:08 INFO  : 
19:26:11 INFO  : 
19:26:15 INFO  : 
19:26:19 INFO  : 
19:26:20 INFO  : Updating hardware inferred compiler options for app_backup_controller.
19:26:21 INFO  : Updating hardware inferred compiler options for app_backup_new.
19:26:21 INFO  : Updating hardware inferred compiler options for app_ioi.
19:26:22 INFO  : Updating hardware inferred compiler options for app_ioi_new.
19:26:23 INFO  : Updating hardware inferred compiler options for app_production_controller.
19:26:24 INFO  : Updating hardware inferred compiler options for fsbl.
19:26:24 INFO  : Clearing existing target manager status.
19:26:24 INFO  : Closing and re-opening the MSS file of ther project fsbl_bsp
19:26:24 INFO  : Workspace synchronized with the new hardware specification file. Cleaning dependent projects...
19:42:43 ERROR : Unexpected error while parsing XMD response ￿: com.google.gson.JsonSyntaxException: com.google.gson.stream.MalformedJsonException: invalid number or unquoted string near 
19:42:57 INFO  : Restoring local repository preferences: 
		 /home/controls/TAIGA-Pallavi/repo
19:43:01 INFO  : Processing command line option -hwspec /home/controls/TAIGA-Pallavi/Rotary-Inverted-Pendulum-Zed/Rotary-Inverted-Pendulum-Zed.sdk/TAIGA_wrapper.hdf.
19:43:02 INFO  : Launching XSDB server: xsdb -n -s /opt/Xilinx/SDK/2015.1/scripts/xsdb/xsdb/xsdb-server.tcl 2450
19:43:03 INFO  : Checking for hwspec changes in the project TAIGA_wrapper_hw_platform_0.
19:43:03 INFO  : XSDB server has started successfully.
20:07:49 ERROR : Unexpected error while reading linker script.
org.eclipse.core.internal.resources.ResourceException: Resource '/app_backup_controller/src/lscript.ld' does not exist.
	at org.eclipse.core.internal.resources.Resource.checkExists(Resource.java:341)
	at org.eclipse.core.internal.resources.Resource.checkAccessible(Resource.java:215)
	at org.eclipse.core.internal.resources.File.getContents(File.java:287)
	at com.xilinx.sdk.lscript.ui.LscriptEditor.initLscriptEditorPage(LscriptEditor.java:140)
	at com.xilinx.sdk.lscript.ui.LscriptEditor.setInput(LscriptEditor.java:132)
	at org.eclipse.ui.forms.editor.FormEditor.init(FormEditor.java:128)
	at com.xilinx.sdk.lscript.ui.LscriptEditor.init(LscriptEditor.java:58)
	at org.eclipse.ui.internal.EditorReference.initialize(EditorReference.java:359)
	at org.eclipse.ui.internal.e4.compatibility.CompatibilityPart.create(CompatibilityPart.java:306)
	at sun.reflect.NativeMethodAccessorImpl.invoke0(Native Method)
	at sun.reflect.NativeMethodAccessorImpl.invoke(NativeMethodAccessorImpl.java:62)
	at sun.reflect.DelegatingMethodAccessorImpl.invoke(DelegatingMethodAccessorImpl.java:43)
	at java.lang.reflect.Method.invoke(Method.java:483)
	at org.eclipse.e4.core.internal.di.MethodRequestor.execute(MethodRequestor.java:56)
	at org.eclipse.e4.core.internal.di.InjectorImpl.processAnnotated(InjectorImpl.java:877)
	at org.eclipse.e4.core.internal.di.InjectorImpl.processAnnotated(InjectorImpl.java:857)
	at org.eclipse.e4.core.internal.di.InjectorImpl.inject(InjectorImpl.java:119)
	at org.eclipse.e4.core.internal.di.InjectorImpl.internalMake(InjectorImpl.java:333)
	at org.eclipse.e4.core.internal.di.InjectorImpl.make(InjectorImpl.java:254)
	at org.eclipse.e4.core.contexts.ContextInjectionFactory.make(ContextInjectionFactory.java:162)
	at org.eclipse.e4.ui.internal.workbench.ReflectionContributionFactory.createFromBundle(ReflectionContributionFactory.java:102)
	at org.eclipse.e4.ui.internal.workbench.ReflectionContributionFactory.doCreate(ReflectionContributionFactory.java:71)
	at org.eclipse.e4.ui.internal.workbench.ReflectionContributionFactory.create(ReflectionContributionFactory.java:53)
	at org.eclipse.e4.ui.workbench.renderers.swt.ContributedPartRenderer.createWidget(ContributedPartRenderer.java:129)
	at org.eclipse.e4.ui.internal.workbench.swt.PartRenderingEngine.createWidget(PartRenderingEngine.java:949)
	at org.eclipse.e4.ui.internal.workbench.swt.PartRenderingEngine.safeCreateGui(PartRenderingEngine.java:633)
	at org.eclipse.e4.ui.internal.workbench.swt.PartRenderingEngine.safeCreateGui(PartRenderingEngine.java:735)
	at org.eclipse.e4.ui.internal.workbench.swt.PartRenderingEngine.access$2(PartRenderingEngine.java:706)
	at org.eclipse.e4.ui.internal.workbench.swt.PartRenderingEngine$7.run(PartRenderingEngine.java:700)
	at org.eclipse.core.runtime.SafeRunner.run(SafeRunner.java:42)
	at org.eclipse.e4.ui.internal.workbench.swt.PartRenderingEngine.createGui(PartRenderingEngine.java:685)
	at org.eclipse.e4.ui.internal.workbench.PartServiceImpl$1.handleEvent(PartServiceImpl.java:90)
	at org.eclipse.e4.ui.services.internal.events.UIEventHandler$1.run(UIEventHandler.java:41)
	at org.eclipse.swt.widgets.Synchronizer.syncExec(Synchronizer.java:180)
	at org.eclipse.ui.internal.UISynchronizer.syncExec(UISynchronizer.java:150)
	at org.eclipse.swt.widgets.Display.syncExec(Display.java:4491)
	at org.eclipse.e4.ui.internal.workbench.swt.E4Application$1.syncExec(E4Application.java:205)
	at org.eclipse.e4.ui.services.internal.events.UIEventHandler.handleEvent(UIEventHandler.java:38)
	at org.eclipse.equinox.internal.event.EventHandlerWrapper.handleEvent(EventHandlerWrapper.java:197)
	at org.eclipse.equinox.internal.event.EventHandlerTracker.dispatchEvent(EventHandlerTracker.java:197)
	at org.eclipse.equinox.internal.event.EventHandlerTracker.dispatchEvent(EventHandlerTracker.java:1)
	at org.eclipse.osgi.framework.eventmgr.EventManager.dispatchEvent(EventManager.java:230)
	at org.eclipse.osgi.framework.eventmgr.ListenerQueue.dispatchEventSynchronous(ListenerQueue.java:148)
	at org.eclipse.equinox.internal.event.EventAdminImpl.dispatchEvent(EventAdminImpl.java:135)
	at org.eclipse.equinox.internal.event.EventAdminImpl.sendEvent(EventAdminImpl.java:78)
	at org.eclipse.equinox.internal.event.EventComponent.sendEvent(EventComponent.java:39)
	at org.eclipse.e4.ui.services.internal.events.EventBroker.send(EventBroker.java:80)
	at org.eclipse.e4.ui.internal.workbench.UIEventPublisher.notifyChanged(UIEventPublisher.java:58)
	at org.eclipse.emf.common.notify.impl.BasicNotifierImpl.eNotify(BasicNotifierImpl.java:374)
	at org.eclipse.e4.ui.model.application.ui.impl.ElementContainerImpl.setSelectedElement(ElementContainerImpl.java:171)
	at org.eclipse.e4.ui.internal.workbench.PartServiceImpl.hidePart(PartServiceImpl.java:1159)
	at org.eclipse.ui.internal.WorkbenchPage.hidePart(WorkbenchPage.java:1476)
	at org.eclipse.ui.internal.WorkbenchPage.hidePart(WorkbenchPage.java:1429)
	at org.eclipse.ui.internal.WorkbenchPage.closeEditors(WorkbenchPage.java:1399)
	at org.eclipse.ui.internal.WorkbenchPage.closeEditor(WorkbenchPage.java:1521)
	at org.eclipse.ui.forms.editor.FormEditor$1.run(FormEditor.java:641)
	at org.eclipse.swt.widgets.RunnableLock.run(RunnableLock.java:35)
	at org.eclipse.swt.widgets.Synchronizer.runAsyncMessages(Synchronizer.java:135)
	at org.eclipse.swt.widgets.Display.runAsyncMessages(Display.java:3717)
	at org.eclipse.swt.widgets.Display.readAndDispatch(Display.java:3366)
	at org.eclipse.e4.ui.internal.workbench.swt.PartRenderingEngine$9.run(PartRenderingEngine.java:1113)
	at org.eclipse.core.databinding.observable.Realm.runWithDefault(Realm.java:332)
	at org.eclipse.e4.ui.internal.workbench.swt.PartRenderingEngine.run(PartRenderingEngine.java:997)
	at org.eclipse.e4.ui.internal.workbench.E4Workbench.createAndRunUI(E4Workbench.java:140)
	at org.eclipse.ui.internal.Workbench$5.run(Workbench.java:611)
	at org.eclipse.core.databinding.observable.Realm.runWithDefault(Realm.java:332)
	at org.eclipse.ui.internal.Workbench.createAndRunWorkbench(Workbench.java:567)
	at org.eclipse.ui.PlatformUI.createAndRunWorkbench(PlatformUI.java:150)
	at org.eclipse.ui.internal.ide.application.IDEApplication.start(IDEApplication.java:124)
	at org.eclipse.equinox.internal.app.EclipseAppHandle.run(EclipseAppHandle.java:196)
	at org.eclipse.core.runtime.internal.adaptor.EclipseAppLauncher.runApplication(EclipseAppLauncher.java:110)
	at org.eclipse.core.runtime.internal.adaptor.EclipseAppLauncher.start(EclipseAppLauncher.java:79)
	at org.eclipse.core.runtime.adaptor.EclipseStarter.run(EclipseStarter.java:354)
	at org.eclipse.core.runtime.adaptor.EclipseStarter.run(EclipseStarter.java:181)
	at sun.reflect.NativeMethodAccessorImpl.invoke0(Native Method)
	at sun.reflect.NativeMethodAccessorImpl.invoke(NativeMethodAccessorImpl.java:62)
	at sun.reflect.DelegatingMethodAccessorImpl.invoke(DelegatingMethodAccessorImpl.java:43)
	at java.lang.reflect.Method.invoke(Method.java:483)
	at org.eclipse.equinox.launcher.Main.invokeFramework(Main.java:636)
	at org.eclipse.equinox.launcher.Main.basicRun(Main.java:591)
	at org.eclipse.equinox.launcher.Main.run(Main.java:1450)
	at org.eclipse.equinox.launcher.Main.main(Main.java:1426)
