
*** Running vivado
    with args -log TAIGA_wrapper.vds -m64 -mode batch -messageDb vivado.pb -notrace -source TAIGA_wrapper.tcl


****** Vivado v2015.1 (64-bit)
  **** SW Build 1215546 on Mon Apr 27 19:07:21 MDT 2015
  **** IP Build 1209967 on Tue Apr 21 11:39:20 MDT 2015
    ** Copyright 1986-2015 Xilinx, Inc. All Rights Reserved.

source TAIGA_wrapper.tcl -notrace
INFO: [IP_Flow 19-234] Refreshing IP repositories
INFO: [IP_Flow 19-1700] Loaded user IP repository '/home/controls/TAIGA/HLS/FIFO_multiplexer/FIFO-multiplexer_solution/impl/ip'.
INFO: [IP_Flow 19-2313] Loaded Vivado IP repository '/opt/Xilinx/Vivado/2015.1/data/ip'.
WARNING: [BD 41-1661] One or more IPs have been locked in the design 'TAIGA.bd'. Please run report_ip_status for more details and recommendations on how to fix this issue.
List of locked IPs:
TAIGA_IO_intermediary_xlconcat_0
TAIGA_lmb_bram_1
TAIGA_mdm_1_0
TAIGA_FIFO_multiplexer_0_0
TAIGA_lmb_bram_0

WARNING: [Vivado 12-818] No files matched '/home/controls/TAIGA/Rotary-Inverted-Pendulum/Rotary-Inverted-Pendulum.srcs/sources_1/ipshared/xilinx.com/fifo_multiplexer_v1_0/5a534b13/constraints/FIFO_multiplexer_ooc.xdc'
ERROR: [Common 17-55] 'set_property' expects at least one object.
Resolution: If [get_<value>] was used to populate the object, check to make sure this command returns at least one valid object.
INFO: [Common 17-206] Exiting Vivado at Mon Jun  8 17:00:19 2015...
