#-----------------------------------------------------------
# Webtalk v2015.1 (64-bit)
# SW Build 1215546 on Mon Apr 27 19:19:00 MDT 2015
# 
<<<<<<< HEAD
# Start of session at: Thu Jun 11 19:14:00 2015
# Process ID: 6118
=======
# Start of session at: Thu Jul 23 19:42:42 2015
# Process ID: 26795
>>>>>>> ef4790edb2c8867b0c01eb2a9ca857e6c4aa2b45
# Log file: /home/controls/TAIGA-Pallavi/Rotary-Inverted-Pendulum-Zed/Rotary-Inverted-Pendulum-Zed.sdk/webtalk/webtalk.log
# Journal file: /home/controls/TAIGA-Pallavi/Rotary-Inverted-Pendulum-Zed/Rotary-Inverted-Pendulum-Zed.sdk/webtalk/webtalk.jou
#-----------------------------------------------------------
source sdk_webtalk.tcl
# webtalk_init -webtalk_dir /home/controls/TAIGA-Pallavi/Rotary-Inverted-Pendulum-Zed/Rotary-Inverted-Pendulum-Zed.sdk/webtalk
# webtalk_register_client -client project
<<<<<<< HEAD
# webtalk_add_data -client project -key date_generated -value "Thu Jun 11 19:13:59 2015" -context "software_version_and_target_device"
=======
# webtalk_add_data -client project -key date_generated -value "Thu Jul 23 19:42:41 2015" -context "software_version_and_target_device"
>>>>>>> ef4790edb2c8867b0c01eb2a9ca857e6c4aa2b45
# webtalk_add_data -client project -key product_version -value "SDK v2015.1" -context "software_version_and_target_device"
# webtalk_add_data -client project -key build_version -value "2015.1" -context "software_version_and_target_device"
# webtalk_add_data -client project -key os_platform -value "amd64" -context "software_version_and_target_device"
# webtalk_add_data -client project -key registration_id -value "174141122_174141123_210588270_824" -context "software_version_and_target_device"
# webtalk_add_data -client project -key tool_flow -value "SDK" -context "software_version_and_target_device"
# webtalk_add_data -client project -key beta -value "false" -context "software_version_and_target_device"
# webtalk_add_data -client project -key route_design -value "NA" -context "software_version_and_target_device"
# webtalk_add_data -client project -key target_family -value "NA" -context "software_version_and_target_device"
# webtalk_add_data -client project -key target_device -value "NA" -context "software_version_and_target_device"
# webtalk_add_data -client project -key target_package -value "NA" -context "software_version_and_target_device"
# webtalk_add_data -client project -key target_speed -value "NA" -context "software_version_and_target_device"
<<<<<<< HEAD
# webtalk_add_data -client project -key random_id -value "j80mkssusja3kbmc507gooo1jl" -context "software_version_and_target_device"
# webtalk_add_data -client project -key project_id -value "2015.1_46" -context "software_version_and_target_device"
# webtalk_add_data -client project -key project_iteration -value "46" -context "software_version_and_target_device"
=======
# webtalk_add_data -client project -key random_id -value "qbgdmqrkc48omr5qf47mk5m4l1" -context "software_version_and_target_device"
# webtalk_add_data -client project -key project_id -value "2015.1_15" -context "software_version_and_target_device"
# webtalk_add_data -client project -key project_iteration -value "15" -context "software_version_and_target_device"
>>>>>>> ef4790edb2c8867b0c01eb2a9ca857e6c4aa2b45
# webtalk_add_data -client project -key os_name -value "Ubuntu" -context "user_environment"
# webtalk_add_data -client project -key os_release -value "Ubuntu 14.04.2 LTS" -context "user_environment"
# webtalk_add_data -client project -key cpu_name -value "Intel(R) Core(TM) i7 CPU         920  @ 2.67GHz" -context "user_environment"
# webtalk_add_data -client project -key cpu_speed -value "1600.000 MHz" -context "user_environment"
# webtalk_add_data -client project -key total_processors -value "1" -context "user_environment"
# webtalk_add_data -client project -key system_ram -value "12.000 GB" -context "user_environment"
# webtalk_register_client -client sdk
<<<<<<< HEAD
# webtalk_add_data -client sdk -key uid -value "1434048814000" -context "sdk\\\\bsp/1434048814000"
# webtalk_add_data -client sdk -key hwid -value "1433870938000" -context "sdk\\\\bsp/1434048814000"
# webtalk_add_data -client sdk -key os -value "standalone" -context "sdk\\\\bsp/1434048814000"
# webtalk_add_data -client sdk -key apptemplate -value "zynq_fsbl" -context "sdk\\\\bsp/1434048814000"
# webtalk_add_data -client sdk -key uid -value "1434048830000" -context "sdk\\\\application/1434048830000"
# webtalk_add_data -client sdk -key hwid -value "1433870938000" -context "sdk\\\\application/1434048830000"
# webtalk_add_data -client sdk -key bspid -value "1434048814000" -context "sdk\\\\application/1434048830000"
# webtalk_add_data -client sdk -key newbsp -value "true" -context "sdk\\\\application/1434048830000"
# webtalk_add_data -client sdk -key os -value "standalone" -context "sdk\\\\application/1434048830000"
# webtalk_add_data -client sdk -key apptemplate -value "zynq_fsbl" -context "sdk\\\\application/1434048830000"
# webtalk_transmit -clientid 1691097257 -regid "174141122_174141123_210588270_824" -xml /home/controls/TAIGA-Pallavi/Rotary-Inverted-Pendulum-Zed/Rotary-Inverted-Pendulum-Zed.sdk/webtalk/usage_statistics_ext_sdk.xml -html /home/controls/TAIGA-Pallavi/Rotary-Inverted-Pendulum-Zed/Rotary-Inverted-Pendulum-Zed.sdk/webtalk/usage_statistics_ext_sdk.html -wdm /home/controls/TAIGA-Pallavi/Rotary-Inverted-Pendulum-Zed/Rotary-Inverted-Pendulum-Zed.sdk/webtalk/sdk_webtalk.wdm -intro "<H3>SDK Usage Report</H3><BR>"

    while executing
"webtalk_transmit -clientid 1691097257 -regid "174141122_174141123_210588270_824" -xml /home/controls/TAIGA-Pallavi/Rotary-Inverted-Pendulum-Zed/Rotary..."
    (file "sdk_webtalk.tcl" line 35)
INFO: [Common 17-206] Exiting Webtalk at Thu Jun 11 19:14:00 2015...
=======
# webtalk_add_data -client sdk -key uid -value "1437686225000" -context "sdk\\\\application/1437686225000"
# webtalk_add_data -client sdk -key hwid -value "1433870938000" -context "sdk\\\\application/1437686225000"
# webtalk_add_data -client sdk -key bspid -value "1433871217000" -context "sdk\\\\application/1437686225000"
# webtalk_add_data -client sdk -key newbsp -value "false" -context "sdk\\\\application/1437686225000"
# webtalk_add_data -client sdk -key os -value "standalone" -context "sdk\\\\application/1437686225000"
# webtalk_add_data -client sdk -key apptemplate -value "empty_application" -context "sdk\\\\application/1437686225000"
# webtalk_add_data -client sdk -key uid -value "1437687093000" -context "sdk\\\\application/1437687093000"
# webtalk_add_data -client sdk -key hwid -value "1433870938000" -context "sdk\\\\application/1437687093000"
# webtalk_add_data -client sdk -key bspid -value "1433871171000" -context "sdk\\\\application/1437687093000"
# webtalk_add_data -client sdk -key newbsp -value "false" -context "sdk\\\\application/1437687093000"
# webtalk_add_data -client sdk -key os -value "standalone" -context "sdk\\\\application/1437687093000"
# webtalk_add_data -client sdk -key apptemplate -value "empty_application" -context "sdk\\\\application/1437687093000"
# webtalk_transmit -clientid 1961272738 -regid "174141122_174141123_210588270_824" -xml /home/controls/TAIGA-Pallavi/Rotary-Inverted-Pendulum-Zed/Rotary-Inverted-Pendulum-Zed.sdk/webtalk/usage_statistics_ext_sdk.xml -html /home/controls/TAIGA-Pallavi/Rotary-Inverted-Pendulum-Zed/Rotary-Inverted-Pendulum-Zed.sdk/webtalk/usage_statistics_ext_sdk.html -wdm /home/controls/TAIGA-Pallavi/Rotary-Inverted-Pendulum-Zed/Rotary-Inverted-Pendulum-Zed.sdk/webtalk/sdk_webtalk.wdm -intro "<H3>SDK Usage Report</H3><BR>"
INFO: [Common 17-186] '/home/controls/TAIGA-Pallavi/Rotary-Inverted-Pendulum-Zed/Rotary-Inverted-Pendulum-Zed.sdk/webtalk/usage_statistics_ext_sdk.xml' has been successfully sent to Xilinx on Thu Jul 23 19:42:43 2015. For additional details about this file, please refer to the WebTalk help file at /opt/Xilinx/SDK/2015.1/doc/webtalk_introduction.html.
# webtalk_terminate
INFO: [Common 17-206] Exiting Webtalk at Thu Jul 23 19:42:43 2015...
>>>>>>> ef4790edb2c8867b0c01eb2a9ca857e6c4aa2b45
